<?xml version="1.0" encoding="UTF-8"?>
<testng-results ignored="4" total="15" passed="11" failed="0" skipped="0">
  <reporter-output>
  </reporter-output>
  <suite started-at="2024-08-26T00:51:03 SAMT" name="Surefire suite" finished-at="2024-08-26T00:51:03 SAMT" duration-ms="278">
    <groups>
    </groups>
    <test started-at="2024-08-26T00:51:03 SAMT" name="Surefire test" finished-at="2024-08-26T00:51:03 SAMT" duration-ms="278">
      <class name="ru.infotecs.intern.command.DeleteCommandTest">
        <test-method is-config="true" signature="setUp()[pri:0, instance:ru.infotecs.intern.command.DeleteCommandTest@17f460bb]" started-at="2024-08-26T00:51:03 SAMT" name="setUp" finished-at="2024-08-26T00:51:03 SAMT" duration-ms="2" status="PASS">
          <reporter-output>
          </reporter-output>
        </test-method> <!-- setUp -->
        <test-method is-config="true" signature="createMock()[pri:0, instance:ru.infotecs.intern.command.DeleteCommandTest@17f460bb]" started-at="2024-08-26T00:51:03 SAMT" name="createMock" finished-at="2024-08-26T00:51:03 SAMT" duration-ms="1" status="PASS">
          <reporter-output>
          </reporter-output>
        </test-method> <!-- createMock -->
        <test-method signature="checkCorrectId(java.util.HashMap)[pri:0, instance:ru.infotecs.intern.command.DeleteCommandTest@17f460bb]" started-at="2024-08-26T00:51:03 SAMT" name="checkCorrectId" description="check correct id" data-provider="default_param" finished-at="2024-08-26T00:51:03 SAMT" duration-ms="4" status="PASS">
          <params>
            <param index="0">
              <value>
                <![CDATA[{1=User{id=1, name='student1'}, 2=User{id=2, name='Andrey'}, 3=User{id=3, name='Katya'}}]]>
              </value>
            </param>
          </params>
          <reporter-output>
          </reporter-output>
        </test-method> <!-- checkCorrectId -->
        <test-method is-config="true" signature="createMock()[pri:0, instance:ru.infotecs.intern.command.DeleteCommandTest@17f460bb]" started-at="2024-08-26T00:51:03 SAMT" name="createMock" finished-at="2024-08-26T00:51:03 SAMT" duration-ms="1" status="PASS">
          <reporter-output>
          </reporter-output>
        </test-method> <!-- createMock -->
        <test-method signature="checkIncorrectFormatId(java.util.HashMap)[pri:0, instance:ru.infotecs.intern.command.DeleteCommandTest@17f460bb]" started-at="2024-08-26T00:51:03 SAMT" name="checkIncorrectFormatId" description="check incorrect format id" data-provider="default_param" finished-at="2024-08-26T00:51:03 SAMT" duration-ms="1" status="PASS">
          <params>
            <param index="0">
              <value>
                <![CDATA[{1=User{id=1, name='student1'}, 2=User{id=2, name='Andrey'}, 3=User{id=3, name='Katya'}}]]>
              </value>
            </param>
          </params>
          <reporter-output>
          </reporter-output>
        </test-method> <!-- checkIncorrectFormatId -->
        <test-method is-config="true" signature="createMock()[pri:0, instance:ru.infotecs.intern.command.DeleteCommandTest@17f460bb]" started-at="2024-08-26T00:51:03 SAMT" name="createMock" finished-at="2024-08-26T00:51:03 SAMT" duration-ms="1" status="PASS">
          <reporter-output>
          </reporter-output>
        </test-method> <!-- createMock -->
        <test-method signature="checkIncorrectId(java.util.HashMap)[pri:0, instance:ru.infotecs.intern.command.DeleteCommandTest@17f460bb]" started-at="2024-08-26T00:51:03 SAMT" name="checkIncorrectId" description="check incorrect id" data-provider="default_param" finished-at="2024-08-26T00:51:03 SAMT" duration-ms="1" status="PASS">
          <params>
            <param index="0">
              <value>
                <![CDATA[{1=User{id=1, name='student1'}, 2=User{id=2, name='Andrey'}, 3=User{id=3, name='Katya'}}]]>
              </value>
            </param>
          </params>
          <reporter-output>
          </reporter-output>
        </test-method> <!-- checkIncorrectId -->
      </class> <!-- ru.infotecs.intern.command.DeleteCommandTest -->
      <class name="ru.infotecs.intern.command.GetInfoCommandTest">
        <test-method is-config="true" signature="setUp()[pri:0, instance:ru.infotecs.intern.command.GetInfoCommandTest@64a1923a]" started-at="2024-08-26T00:51:03 SAMT" name="setUp" finished-at="2024-08-26T00:51:03 SAMT" duration-ms="1" status="PASS">
          <reporter-output>
          </reporter-output>
        </test-method> <!-- setUp -->
        <test-method signature="checkCorrectId(java.util.HashMap)[pri:0, instance:ru.infotecs.intern.command.GetInfoCommandTest@64a1923a]" started-at="2024-08-26T00:51:03 SAMT" name="checkCorrectId" description="check correct id" data-provider="default_param" finished-at="2024-08-26T00:51:03 SAMT" duration-ms="3" status="PASS">
          <params>
            <param index="0">
              <value>
                <![CDATA[{1=User{id=1, name='student1'}, 2=User{id=2, name='Andrey'}, 3=User{id=3, name='Katya'}}]]>
              </value>
            </param>
          </params>
          <reporter-output>
          </reporter-output>
        </test-method> <!-- checkCorrectId -->
        <test-method signature="checkIncorrectFormatId(java.util.HashMap)[pri:0, instance:ru.infotecs.intern.command.GetInfoCommandTest@64a1923a]" started-at="2024-08-26T00:51:03 SAMT" name="checkIncorrectFormatId" description="check incorrect format id" data-provider="default_param" finished-at="2024-08-26T00:51:03 SAMT" duration-ms="2" status="PASS">
          <params>
            <param index="0">
              <value>
                <![CDATA[{1=User{id=1, name='student1'}, 2=User{id=2, name='Andrey'}, 3=User{id=3, name='Katya'}}]]>
              </value>
            </param>
          </params>
          <reporter-output>
          </reporter-output>
        </test-method> <!-- checkIncorrectFormatId -->
        <test-method signature="checkIncorrectId(java.util.HashMap)[pri:0, instance:ru.infotecs.intern.command.GetInfoCommandTest@64a1923a]" started-at="2024-08-26T00:51:03 SAMT" name="checkIncorrectId" description="check incorrect id" data-provider="default_param" finished-at="2024-08-26T00:51:03 SAMT" duration-ms="1" status="PASS">
          <params>
            <param index="0">
              <value>
                <![CDATA[{1=User{id=1, name='student1'}, 2=User{id=2, name='Andrey'}, 3=User{id=3, name='Katya'}}]]>
              </value>
            </param>
          </params>
          <reporter-output>
          </reporter-output>
        </test-method> <!-- checkIncorrectId -->
      </class> <!-- ru.infotecs.intern.command.GetInfoCommandTest -->
      <class name="ru.infotecs.intern.command.AddCommandTest">
        <test-method is-config="true" signature="setUp()[pri:0, instance:ru.infotecs.intern.command.AddCommandTest@678040b3]" started-at="2024-08-26T00:51:03 SAMT" name="setUp" finished-at="2024-08-26T00:51:03 SAMT" duration-ms="15" status="PASS">
          <reporter-output>
          </reporter-output>
        </test-method> <!-- setUp -->
        <test-method signature="checkIncorrectId(java.util.HashMap)[pri:0, instance:ru.infotecs.intern.command.AddCommandTest@678040b3]" started-at="2024-08-26T00:51:03 SAMT" name="checkIncorrectId" description="checking the addition of a new student and sending it to the server" data-provider="default_param" finished-at="2024-08-26T00:51:03 SAMT" duration-ms="80" status="PASS">
          <params>
            <param index="0">
              <value>
                <![CDATA[{1=User{id=1, name='student1'}, 2=User{id=2, name='Andrey'}, 3=User{id=3, name='Katya'}}]]>
              </value>
            </param>
          </params>
          <reporter-output>
          </reporter-output>
        </test-method> <!-- checkIncorrectId -->
        <test-method is-config="true" signature="tearDown()[pri:0, instance:ru.infotecs.intern.command.AddCommandTest@678040b3]" started-at="2024-08-26T00:51:03 SAMT" name="tearDown" finished-at="2024-08-26T00:51:03 SAMT" duration-ms="1" status="PASS">
          <reporter-output>
          </reporter-output>
        </test-method> <!-- tearDown -->
      </class> <!-- ru.infotecs.intern.command.AddCommandTest -->
      <class name="ru.infotecs.intern.command.ShowCommandTest">
        <test-method is-config="true" signature="setUp()[pri:0, instance:ru.infotecs.intern.command.ShowCommandTest@7d2a6eac]" started-at="2024-08-26T00:51:03 SAMT" name="setUp" finished-at="2024-08-26T00:51:03 SAMT" duration-ms="1" status="PASS">
          <reporter-output>
          </reporter-output>
        </test-method> <!-- setUp -->
        <test-method signature="checkOfCommandExecution(java.util.HashMap)[pri:0, instance:ru.infotecs.intern.command.ShowCommandTest@7d2a6eac]" started-at="2024-08-26T00:51:03 SAMT" name="checkOfCommandExecution" description="checking the result of the command execution" data-provider="default_param" finished-at="2024-08-26T00:51:03 SAMT" duration-ms="2" status="PASS">
          <params>
            <param index="0">
              <value>
                <![CDATA[{1=User{id=1, name='student1'}, 2=User{id=2, name='Andrey'}, 3=User{id=3, name='Katya'}}]]>
              </value>
            </param>
          </params>
          <reporter-output>
          </reporter-output>
        </test-method> <!-- checkOfCommandExecution -->
        <test-method signature="checkOfCommandExecutionOnEmptyFile()[pri:0, instance:ru.infotecs.intern.command.ShowCommandTest@7d2a6eac]" started-at="2024-08-26T00:51:03 SAMT" name="checkOfCommandExecutionOnEmptyFile" description="checking empty file" finished-at="2024-08-26T00:51:03 SAMT" duration-ms="0" status="PASS">
          <reporter-output>
          </reporter-output>
        </test-method> <!-- checkOfCommandExecutionOnEmptyFile -->
      </class> <!-- ru.infotecs.intern.command.ShowCommandTest -->
      <class name="ru.infotecs.intern.util.JsonConverterTest">
        <test-method signature="checkConvertJsonToUser()[pri:0, instance:ru.infotecs.intern.util.JsonConverterTest@18ca3c62]" started-at="2024-08-26T00:51:03 SAMT" name="checkConvertJsonToUser" description="checking for the conversion of a json file to students" finished-at="2024-08-26T00:51:03 SAMT" duration-ms="67" status="PASS">
          <reporter-output>
          </reporter-output>
        </test-method> <!-- checkConvertJsonToUser -->
        <test-method signature="checkConvertUserToJson()[pri:0, instance:ru.infotecs.intern.util.JsonConverterTest@18ca3c62]" started-at="2024-08-26T00:51:03 SAMT" name="checkConvertUserToJson" description="checking for the conversion of students to a json file" finished-at="2024-08-26T00:51:03 SAMT" duration-ms="30" status="PASS">
          <reporter-output>
          </reporter-output>
        </test-method> <!-- checkConvertUserToJson -->
      </class> <!-- ru.infotecs.intern.util.JsonConverterTest -->
    </test> <!-- Surefire test -->
  </suite> <!-- Surefire suite -->
</testng-results>
