<?xml version="1.0" encoding="UTF-8"?>
<testsuite xmlns:xsi="http://www.w3.org/2001/XMLSchema-instance" xsi:noNamespaceSchemaLocation="https://maven.apache.org/surefire/maven-surefire-plugin/xsd/surefire-test-report-3.0.xsd" version="3.0" name="TestSuite" time="2.211" tests="11" errors="0" skipped="0" failures="0">
  <properties>
[...]
</properties>
  <testcase name="checkIncorrectId[{1=User{id=1, name=&apos;student1&apos;}, 2=User{id=2, name=&apos;Andrey&apos;}, 3=User{id=3, name=&apos;Katya&apos;}}](1)" classname="ru.infotecs.intern.command.AddCommandTest" time="0.067"/>
  <testcase name="checkCorrectId[{1=User{id=1, name=&apos;student1&apos;}, 2=User{id=2, name=&apos;Andrey&apos;}, 3=User{id=3, name=&apos;Katya&apos;}}](1)" classname="ru.infotecs.intern.command.DeleteCommandTest" time="0.004"/>
  <testcase name="checkIncorrectFormatId[{1=User{id=1, name=&apos;student1&apos;}, 2=User{id=2, name=&apos;Andrey&apos;}, 3=User{id=3, name=&apos;Katya&apos;}}](1)" classname="ru.infotecs.intern.command.DeleteCommandTest" time="0.001"/>
  <testcase name="checkIncorrectId[{1=User{id=1, name=&apos;student1&apos;}, 2=User{id=2, name=&apos;Andrey&apos;}, 3=User{id=3, name=&apos;Katya&apos;}}](1)" classname="ru.infotecs.intern.command.DeleteCommandTest" time="0.002"/>
  <testcase name="checkCorrectId[{1=User{id=1, name=&apos;student1&apos;}, 2=User{id=2, name=&apos;Andrey&apos;}, 3=User{id=3, name=&apos;Katya&apos;}}](1)" classname="ru.infotecs.intern.command.GetInfoCommandTest" time="0.003"/>
  <testcase name="checkIncorrectFormatId[{1=User{id=1, name=&apos;student1&apos;}, 2=User{id=2, name=&apos;Andrey&apos;}, 3=User{id=3, name=&apos;Katya&apos;}}](1)" classname="ru.infotecs.intern.command.GetInfoCommandTest" time="0.001"/>
  <testcase name="checkIncorrectId[{1=User{id=1, name=&apos;student1&apos;}, 2=User{id=2, name=&apos;Andrey&apos;}, 3=User{id=3, name=&apos;Katya&apos;}}](1)" classname="ru.infotecs.intern.command.GetInfoCommandTest" time="0.001"/>
  <testcase name="checkOfCommandExecution[{1=User{id=1, name=&apos;student1&apos;}, 2=User{id=2, name=&apos;Andrey&apos;}, 3=User{id=3, name=&apos;Katya&apos;}}](1)" classname="ru.infotecs.intern.command.ShowCommandTest" time="0.003"/>
  <testcase name="checkOfCommandExecutionOnEmptyFile" classname="ru.infotecs.intern.command.ShowCommandTest" time="0.0"/>
  <testcase name="checkConvertJsonToUser" classname="ru.infotecs.intern.util.JsonConverterTest" time="0.066"/>
  <testcase name="checkConvertUserToJson" classname="ru.infotecs.intern.util.JsonConverterTest" time="0.03"/>
</testsuite>