<?xml version="1.0" encoding="UTF-8"?>
<!-- Generated by org.testng.reporters.JUnitXMLReporter -->
<testsuite ignored="4" hostname="asustuf" failures="0" tests="11" name="Surefire test" time="0.278" errors="0" timestamp="2024-08-26T00:51:03 SAMT">
  <testcase classname="ru.infotecs.intern.command.AddCommandTest" name="checkIncorrectId" time="0.08"/>
  <testcase classname="ru.infotecs.intern.command.DeleteCommandTest" name="checkCorrectId" time="0.004"/>
  <testcase classname="ru.infotecs.intern.command.DeleteCommandTest" name="checkIncorrectFormatId" time="0.001"/>
  <testcase classname="ru.infotecs.intern.command.DeleteCommandTest" name="checkIncorrectId" time="0.001"/>
  <testcase classname="ru.infotecs.intern.command.GetInfoCommandTest" name="checkCorrectId" time="0.003"/>
  <testcase classname="ru.infotecs.intern.command.GetInfoCommandTest" name="checkIncorrectFormatId" time="0.002"/>
  <testcase classname="ru.infotecs.intern.command.GetInfoCommandTest" name="checkIncorrectId" time="0.001"/>
  <testcase classname="ru.infotecs.intern.command.ShowCommandTest" name="checkOfCommandExecution" time="0.002"/>
  <testcase classname="ru.infotecs.intern.command.ShowCommandTest" name="checkOfCommandExecutionOnEmptyFile" time="0.0"/>
  <testcase classname="ru.infotecs.intern.util.JsonConverterTest" name="checkConvertJsonToUser" time="0.067"/>
  <testcase classname="ru.infotecs.intern.util.JsonConverterTest" name="checkConvertUserToJson" time="0.03"/>
  <testcase classname="ru.infotecs.intern.command.CommandTest" name="@AfterTest tearDown" time="0.0">
    <ignored/>
  </testcase> <!-- @AfterTest tearDown -->
  <testcase classname="ru.infotecs.intern.command.CommandTest" name="@AfterTest tearDown" time="0.0">
    <ignored/>
  </testcase> <!-- @AfterTest tearDown -->
  <testcase classname="ru.infotecs.intern.command.CommandTest" name="@AfterTest tearDown" time="0.0">
    <ignored/>
  </testcase> <!-- @AfterTest tearDown -->
  <testcase classname="ru.infotecs.intern.command.CommandTest" name="@AfterTest tearDown" time="0.0">
    <ignored/>
  </testcase> <!-- @AfterTest tearDown -->
</testsuite> <!-- Surefire test -->
